[debug] [2024-02-07T20:46:30.863Z] ----------------------------------------------------------------------
[debug] [2024-02-07T20:46:30.874Z] Command:       /home/velocity-inc/.nvm/versions/node/v18.18.2/bin/node /home/velocity-inc/.nvm/versions/node/v18.18.2/bin/firebase init
[debug] [2024-02-07T20:46:30.876Z] CLI Version:   12.9.1
[debug] [2024-02-07T20:46:30.878Z] Platform:      linux
[debug] [2024-02-07T20:46:30.879Z] Node Version:  v18.18.2
[debug] [2024-02-07T20:46:30.881Z] Time:          Wed Feb 07 2024 15:46:30 GMT-0500 (Eastern Standard Time)
[debug] [2024-02-07T20:46:30.881Z] ----------------------------------------------------------------------
[debug] 
[debug] [2024-02-07T20:46:30.907Z] > command requires scopes: ["email","openid","https://www.googleapis.com/auth/cloudplatformprojects.readonly","https://www.googleapis.com/auth/firebase","https://www.googleapis.com/auth/cloud-platform"]
[debug] [2024-02-07T20:46:30.909Z] > authorizing via signed-in user (tmawaro25@gmail.com)
[info] 
     ######## #### ########  ######## ########     ###     ######  ########
     ##        ##  ##     ## ##       ##     ##  ##   ##  ##       ##
     ######    ##  ########  ######   ########  #########  ######  ######
     ##        ##  ##    ##  ##       ##     ## ##     ##       ## ##
     ##       #### ##     ## ######## ########  ##     ##  ######  ########

You're about to initialize a Firebase project in this directory:

  /home/velocity-inc/Documents/Portfolio

[info] 
=== Project Setup
[info] 
[info] First, let's associate this project directory with a Firebase project.
[info] You can create multiple project aliases by running firebase use --add, 
[info] but for now we'll just set up a default project.
[info] 
[debug] [2024-02-07T20:46:45.962Z] >>> [apiv2][query] GET https://firebase.googleapis.com/v1beta1/projects pageSize=100
[debug] [2024-02-07T20:46:48.475Z] <<< [apiv2][status] GET https://firebase.googleapis.com/v1beta1/projects 200
[debug] [2024-02-07T20:46:48.476Z] <<< [apiv2][body] GET https://firebase.googleapis.com/v1beta1/projects [omitted]
[info] i  Using project portfolio-2d5ca (portfolio) 
[info] 
=== Hosting Setup
[debug] [2024-02-07T20:47:03.435Z] >>> [apiv2][query] GET https://firebase.googleapis.com/v1beta1/projects/portfolio-2d5ca [none]
[debug] [2024-02-07T20:47:04.838Z] <<< [apiv2][status] GET https://firebase.googleapis.com/v1beta1/projects/portfolio-2d5ca 200
[debug] [2024-02-07T20:47:04.839Z] <<< [apiv2][body] GET https://firebase.googleapis.com/v1beta1/projects/portfolio-2d5ca {"projectId":"portfolio-2d5ca","projectNumber":"286935376093","displayName":"portfolio","name":"projects/portfolio-2d5ca","resources":{"hostingSite":"portfolio-2d5ca"},"state":"ACTIVE","etag":"1_a9ff6a42-bd3d-4494-8c16-9b725e7f7de4"}
[info] 
[info] Your public directory is the folder (relative to your project directory) that
[info] will contain Hosting assets to be uploaded with firebase deploy. If you
[info] have a build process for your assets, use your build's output directory.
[info] 
[info] ✔  Wrote //404.html 
[debug] [2024-02-07T20:47:19.250Z] >>> [apiv2][query] GET https://www.gstatic.com/firebasejs/releases.json [none]
[debug] [2024-02-07T20:47:20.544Z] <<< [apiv2][status] GET https://www.gstatic.com/firebasejs/releases.json 200
[debug] [2024-02-07T20:47:20.545Z] <<< [apiv2][body] GET https://www.gstatic.com/firebasejs/releases.json {"current":{"version":"10.8.0","browserURL":"https://www.gstatic.com/firebasejs/10.8.0/firebase.js","packageURL":"https://www.gstatic.com/firebasejs/10.8.0/firebase.tgz"},"live":{"version":"10.8","browserURL":"https://www.gstatic.com/firebasejs/live/10.8/firebase.js","packageURL":"https://www.gstatic.com/firebasejs/live/10.8/firebase.tgz"},"components":{"analytics":"https://www.gstatic.com/firebasejs/10.8.0/firebase-analytics.js","app":"https://www.gstatic.com/firebasejs/10.8.0/firebase-app.js","app-check":"https://www.gstatic.com/firebasejs/10.8.0/firebase-app-check.js","auth":"https://www.gstatic.com/firebasejs/10.8.0/firebase-auth.js","auth/cordova":"https://www.gstatic.com/firebasejs/10.8.0/firebase-auth/cordova.js","auth/web-extension":"https://www.gstatic.com/firebasejs/10.8.0/firebase-auth/web-extension.js","functions":"https://www.gstatic.com/firebasejs/10.8.0/firebase-functions.js","firestore":"https://www.gstatic.com/firebasejs/10.8.0/firebase-firestore.js","firestore/lite":"https://www.gstatic.com/firebasejs/10.8.0/firebase-firestore/lite.js","installations":"https://www.gstatic.com/firebasejs/10.8.0/firebase-installations.js","storage":"https://www.gstatic.com/firebasejs/10.8.0/firebase-storage.js","performance":"https://www.gstatic.com/firebasejs/10.8.0/firebase-performance.js","remote-config":"https://www.gstatic.com/firebasejs/10.8.0/firebase-remote-config.js","messaging":"https://www.gstatic.com/firebasejs/10.8.0/firebase-messaging.js","messaging/sw":"https://www.gstatic.com/firebasejs/10.8.0/firebase-messaging/sw.js","database":"https://www.gstatic.com/firebasejs/10.8.0/firebase-database.js","firestore.memory":"https://www.gstatic.com/firebasejs/10.8.0/firebase-firestore.memory.js"}}
[info] ✔  Wrote //index.html 
[info] 
[info] i  Detected a .git folder at /home/velocity-inc/Documents/Portfolio 
[info] i  Authorizing with GitHub to upload your service account to a GitHub repository's secrets store. 
[info] 
[info] Visit this URL on this device to log in:
[info] https://github.com/login/oauth/authorize?client_id=89cf50f02ac6aaed3484&state=288098450&redirect_uri=http%3A%2F%2Flocalhost%3A9005&scope=read%3Auser%20repo%20public_repo
[info] 
[info] Waiting for authentication...
[debug] [2024-02-07T20:47:38.128Z] >>> [apiv2][query] POST https://github.com/login/oauth/access_token [none]
[debug] [2024-02-07T20:47:38.129Z] >>> [apiv2][body] POST https://github.com/login/oauth/access_token [stream]
[debug] [2024-02-07T20:47:40.968Z] <<< [apiv2][status] POST https://github.com/login/oauth/access_token 200
[debug] [2024-02-07T20:47:40.969Z] <<< [apiv2][body] POST https://github.com/login/oauth/access_token {"access_token":"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","token_type":"bearer","scope":"read:user,repo"}
[debug] [2024-02-07T20:47:41.021Z] >>> [apiv2][query] GET https://api.github.com/user [none]
[debug] [2024-02-07T20:47:43.297Z] <<< [apiv2][status] GET https://api.github.com/user 200
[debug] [2024-02-07T20:47:43.298Z] <<< [apiv2][body] GET https://api.github.com/user {"login":"TinotendaMawaro","id":107500022,"node_id":"U_kgDOBmhR9g","avatar_url":"https://avatars.githubusercontent.com/u/107500022?v=4","gravatar_id":"","url":"https://api.github.com/users/TinotendaMawaro","html_url":"https://github.com/TinotendaMawaro","followers_url":"https://api.github.com/users/TinotendaMawaro/followers","following_url":"https://api.github.com/users/TinotendaMawaro/following{/other_user}","gists_url":"https://api.github.com/users/TinotendaMawaro/gists{/gist_id}","starred_url":"https://api.github.com/users/TinotendaMawaro/starred{/owner}{/repo}","subscriptions_url":"https://api.github.com/users/TinotendaMawaro/subscriptions","organizations_url":"https://api.github.com/users/TinotendaMawaro/orgs","repos_url":"https://api.github.com/users/TinotendaMawaro/repos","events_url":"https://api.github.com/users/TinotendaMawaro/events{/privacy}","received_events_url":"https://api.github.com/users/TinotendaMawaro/received_events","type":"User","site_admin":false,"name":null,"company":null,"blog":"","location":null,"email":null,"hireable":null,"bio":null,"twitter_username":null,"public_repos":32,"public_gists":0,"followers":0,"following":0,"created_at":"2022-06-14T17:06:52Z","updated_at":"2024-01-29T19:31:49Z","private_gists":0,"total_private_repos":0,"owned_private_repos":0,"disk_usage":35449,"collaborators":0,"two_factor_authentication":false,"plan":{"name":"free","space":976562499,"collaborators":0,"private_repos":10000}}
[info] 
[info] ✔  Success! Logged into GitHub as TinotendaMawaro 
[info] 
